Build started 13.06.2015 1:30:31.
     1>Project "C:\Users\touch\documents\visual studio 2010\Projects\kursach\kursach\kursach.vcxproj" on node 2 (build target(s)).
     1>InitializeBuildStatus:
         Touching "Debug\kursach.unsuccessfulbuild".
       ClCompile:
         All outputs are up-to-date.
         c:\Program Files (x86)\Microsoft Visual Studio 10.0\VC\bin\CL.exe /c /ZI /nologo /W3 /WX- /Od /Oy- /D WIN32 /D _DEBUG /D _CONSOLE /D _UNICODE /D UNICODE /Gm /EHsc /RTC1 /MDd /GS /fp:precise /Zc:wchar_t /Zc:forScope /Yu"StdAfx.h" /Fp"Debug\kursach.pch" /Fo"Debug\\" /Fd"Debug\vc100.pdb" /Gd /TP /analyze- /errorReport:prompt kursach.cpp
         kursach.cpp
       ManifestResourceCompile:
         All outputs are up-to-date.
       Link:
         c:\Program Files (x86)\Microsoft Visual Studio 10.0\VC\bin\link.exe /ERRORREPORT:PROMPT /OUT:"C:\Users\touch\documents\visual studio 2010\Projects\kursach\Debug\kursach.exe" /INCREMENTAL /NOLOGO kernel32.lib user32.lib gdi32.lib winspool.lib comdlg32.lib advapi32.lib shell32.lib ole32.lib oleaut32.lib uuid.lib odbc32.lib odbccp32.lib /MANIFEST /ManifestFile:"Debug\kursach.exe.intermediate.manifest" /MANIFESTUAC:"level='asInvoker' uiAccess='false'" /DEBUG /PDB:"C:\Users\touch\documents\visual studio 2010\Projects\kursach\Debug\kursach.pdb" /SUBSYSTEM:CONSOLE /TLBID:1 /DYNAMICBASE /NXCOMPAT /IMPLIB:"C:\Users\touch\documents\visual studio 2010\Projects\kursach\Debug\kursach.lib" /MACHINE:X86 Debug\kursach.exe.embed.manifest.res
         Debug\kursach.obj
         Debug\stdafx.obj
       Manifest:
         C:\Program Files (x86)\Microsoft SDKs\Windows\v7.0A\bin\mt.exe /nologo /verbose /out:"Debug\kursach.exe.embed.manifest" /manifest Debug\kursach.exe.intermediate.manifest
         All outputs are up-to-date.
       LinkEmbedManifest:
         All outputs are up-to-date.
         kursach.vcxproj -> C:\Users\touch\documents\visual studio 2010\Projects\kursach\Debug\kursach.exe
       FinalizeBuildStatus:
         Deleting file "Debug\kursach.unsuccessfulbuild".
         Touching "Debug\kursach.lastbuildstate".
     1>Done Building Project "C:\Users\touch\documents\visual studio 2010\Projects\kursach\kursach\kursach.vcxproj" (build target(s)).

Build succeeded.

Time Elapsed 00:00:01.67
